ERROR - 2025-03-31 06:11:58 --> Error connecting to the database: mysqli_sql_exception: Access denied for user ''@'localhost' (using password: NO) in C:\xampp\htdocs\Prepa-hackaton\system\Database\MySQLi\Connection.php:201
Stack trace:
#0 C:\xampp\htdocs\Prepa-hackaton\system\Database\MySQLi\Connection.php(201): mysqli->real_connect('localhost', '', Object(SensitiveParameterValue), '', 3306, '', 0)
#1 C:\xampp\htdocs\Prepa-hackaton\system\Database\BaseConnection.php(421): CodeIgniter\Database\MySQLi\Connection->connect(false)
#2 C:\xampp\htdocs\Prepa-hackaton\system\Database\BaseConnection.php(620): CodeIgniter\Database\BaseConnection->initialize()
#3 C:\xampp\htdocs\Prepa-hackaton\system\Database\BaseConnection.php(1525): CodeIgniter\Database\BaseConnection->query('SHOW TABLES FRO...')
#4 C:\xampp\htdocs\Prepa-hackaton\system\Database\BaseConnection.php(1545): CodeIgniter\Database\BaseConnection->listTables()
#5 C:\xampp\htdocs\Prepa-hackaton\system\Database\MigrationRunner.php(758): CodeIgniter\Database\BaseConnection->tableExists('migrations')
#6 C:\xampp\htdocs\Prepa-hackaton\system\Database\MigrationRunner.php(162): CodeIgniter\Database\MigrationRunner->ensureTable()
#7 C:\xampp\htdocs\Prepa-hackaton\system\Commands\Database\Migrate.php(85): CodeIgniter\Database\MigrationRunner->latest(NULL)
#8 C:\xampp\htdocs\Prepa-hackaton\system\CLI\Commands.php(70): CodeIgniter\Commands\Database\Migrate->run(Array)
#9 C:\xampp\htdocs\Prepa-hackaton\system\CLI\Console.php(48): CodeIgniter\CLI\Commands->run('migrate', Array)
#10 C:\xampp\htdocs\Prepa-hackaton\system\Boot.php(360): CodeIgniter\CLI\Console->run()
#11 C:\xampp\htdocs\Prepa-hackaton\system\Boot.php(104): CodeIgniter\Boot::runCommand(Object(CodeIgniter\CLI\Console))
#12 C:\xampp\htdocs\Prepa-hackaton\spark(84): CodeIgniter\Boot::bootSpark(Object(Config\Paths))
#13 {main}

Next CodeIgniter\Database\Exceptions\DatabaseException: Access denied for user ''@'localhost' (using password: NO) in C:\xampp\htdocs\Prepa-hackaton\system\Database\MySQLi\Connection.php:246
Stack trace:
#0 C:\xampp\htdocs\Prepa-hackaton\system\Database\BaseConnection.php(421): CodeIgniter\Database\MySQLi\Connection->connect(false)
#1 C:\xampp\htdocs\Prepa-hackaton\system\Database\BaseConnection.php(620): CodeIgniter\Database\BaseConnection->initialize()
#2 C:\xampp\htdocs\Prepa-hackaton\system\Database\BaseConnection.php(1525): CodeIgniter\Database\BaseConnection->query('SHOW TABLES FRO...')
#3 C:\xampp\htdocs\Prepa-hackaton\system\Database\BaseConnection.php(1545): CodeIgniter\Database\BaseConnection->listTables()
#4 C:\xampp\htdocs\Prepa-hackaton\system\Database\MigrationRunner.php(758): CodeIgniter\Database\BaseConnection->tableExists('migrations')
#5 C:\xampp\htdocs\Prepa-hackaton\system\Database\MigrationRunner.php(162): CodeIgniter\Database\MigrationRunner->ensureTable()
#6 C:\xampp\htdocs\Prepa-hackaton\system\Commands\Database\Migrate.php(85): CodeIgniter\Database\MigrationRunner->latest(NULL)
#7 C:\xampp\htdocs\Prepa-hackaton\system\CLI\Commands.php(70): CodeIgniter\Commands\Database\Migrate->run(Array)
#8 C:\xampp\htdocs\Prepa-hackaton\system\CLI\Console.php(48): CodeIgniter\CLI\Commands->run('migrate', Array)
#9 C:\xampp\htdocs\Prepa-hackaton\system\Boot.php(360): CodeIgniter\CLI\Console->run()
#10 C:\xampp\htdocs\Prepa-hackaton\system\Boot.php(104): CodeIgniter\Boot::runCommand(Object(CodeIgniter\CLI\Console))
#11 C:\xampp\htdocs\Prepa-hackaton\spark(84): CodeIgniter\Boot::bootSpark(Object(Config\Paths))
#12 {main}
DEBUG - 2025-03-31 06:36:33 --> Session: Class initialized using 'CodeIgniter\Session\Handlers\FileHandler' driver.
DEBUG - 2025-03-31 06:37:34 --> Session: Class initialized using 'CodeIgniter\Session\Handlers\FileHandler' driver.
DEBUG - 2025-03-31 06:38:10 --> Session: Class initialized using 'CodeIgniter\Session\Handlers\FileHandler' driver.
CRITICAL - 2025-03-31 06:40:40 --> Error: Object of class CodeIgniter\Database\MySQLi\Builder could not be converted to string
[Method: POST, Route: validate_login]
in APPPATH\Models\UserModel.php on line 81.
 1 APPPATH\Controllers\UserController.php(24): App\Models\UserModel->validLogin(null, 'password123')
 2 SYSTEMPATH\CodeIgniter.php(933): App\Controllers\UserController->validate_login()
 3 SYSTEMPATH\CodeIgniter.php(507): CodeIgniter\CodeIgniter->runController(Object(App\Controllers\UserController))
 4 SYSTEMPATH\CodeIgniter.php(354): CodeIgniter\CodeIgniter->handleRequest(null, Object(Config\Cache), false)
 5 SYSTEMPATH\Boot.php(334): CodeIgniter\CodeIgniter->run()
 6 SYSTEMPATH\Boot.php(67): CodeIgniter\Boot::runCodeIgniter(Object(CodeIgniter\CodeIgniter))
 7 FCPATH\index.php(56): CodeIgniter\Boot::bootWeb(Object(Config\Paths))
ERROR - 2025-03-31 15:10:57 --> Error connecting to the database: mysqli_sql_exception: No such file or directory in /home/manjaka/Documents/hackaton/Prepa-hackaton/system/Database/MySQLi/Connection.php:201
Stack trace:
#0 /home/manjaka/Documents/hackaton/Prepa-hackaton/system/Database/MySQLi/Connection.php(201): mysqli->real_connect()
#1 /home/manjaka/Documents/hackaton/Prepa-hackaton/system/Database/BaseConnection.php(421): CodeIgniter\Database\MySQLi\Connection->connect()
#2 /home/manjaka/Documents/hackaton/Prepa-hackaton/system/Database/BaseConnection.php(620): CodeIgniter\Database\BaseConnection->initialize()
#3 /home/manjaka/Documents/hackaton/Prepa-hackaton/system/Database/BaseBuilder.php(1678): CodeIgniter\Database\BaseConnection->query()
#4 /home/manjaka/Documents/hackaton/Prepa-hackaton/system/Model.php(928): CodeIgniter\Database\BaseBuilder->countAll()
#5 /home/manjaka/Documents/hackaton/Prepa-hackaton/app/Controllers/UserController.php(35): CodeIgniter\Model->__call()
#6 /home/manjaka/Documents/hackaton/Prepa-hackaton/system/CodeIgniter.php(933): App\Controllers\UserController->home()
#7 /home/manjaka/Documents/hackaton/Prepa-hackaton/system/CodeIgniter.php(507): CodeIgniter\CodeIgniter->runController()
#8 /home/manjaka/Documents/hackaton/Prepa-hackaton/system/CodeIgniter.php(354): CodeIgniter\CodeIgniter->handleRequest()
#9 /home/manjaka/Documents/hackaton/Prepa-hackaton/system/Boot.php(334): CodeIgniter\CodeIgniter->run()
#10 /home/manjaka/Documents/hackaton/Prepa-hackaton/system/Boot.php(67): CodeIgniter\Boot::runCodeIgniter()
#11 /home/manjaka/Documents/hackaton/Prepa-hackaton/public/index.php(56): CodeIgniter\Boot::bootWeb()
#12 /home/manjaka/Documents/hackaton/Prepa-hackaton/system/rewrite.php(44): require_once('...')
#13 {main}

Next CodeIgniter\Database\Exceptions\DatabaseException: No such file or directory in /home/manjaka/Documents/hackaton/Prepa-hackaton/system/Database/MySQLi/Connection.php:246
Stack trace:
#0 /home/manjaka/Documents/hackaton/Prepa-hackaton/system/Database/BaseConnection.php(421): CodeIgniter\Database\MySQLi\Connection->connect()
#1 /home/manjaka/Documents/hackaton/Prepa-hackaton/system/Database/BaseConnection.php(620): CodeIgniter\Database\BaseConnection->initialize()
#2 /home/manjaka/Documents/hackaton/Prepa-hackaton/system/Database/BaseBuilder.php(1678): CodeIgniter\Database\BaseConnection->query()
#3 /home/manjaka/Documents/hackaton/Prepa-hackaton/system/Model.php(928): CodeIgniter\Database\BaseBuilder->countAll()
#4 /home/manjaka/Documents/hackaton/Prepa-hackaton/app/Controllers/UserController.php(35): CodeIgniter\Model->__call()
#5 /home/manjaka/Documents/hackaton/Prepa-hackaton/system/CodeIgniter.php(933): App\Controllers\UserController->home()
#6 /home/manjaka/Documents/hackaton/Prepa-hackaton/system/CodeIgniter.php(507): CodeIgniter\CodeIgniter->runController()
#7 /home/manjaka/Documents/hackaton/Prepa-hackaton/system/CodeIgniter.php(354): CodeIgniter\CodeIgniter->handleRequest()
#8 /home/manjaka/Documents/hackaton/Prepa-hackaton/system/Boot.php(334): CodeIgniter\CodeIgniter->run()
#9 /home/manjaka/Documents/hackaton/Prepa-hackaton/system/Boot.php(67): CodeIgniter\Boot::runCodeIgniter()
#10 /home/manjaka/Documents/hackaton/Prepa-hackaton/public/index.php(56): CodeIgniter\Boot::bootWeb()
#11 /home/manjaka/Documents/hackaton/Prepa-hackaton/system/rewrite.php(44): require_once('...')
#12 {main}
CRITICAL - 2025-03-31 15:10:57 --> CodeIgniter\Database\Exceptions\DatabaseException: Unable to connect to the database.
Main connection [MySQLi]: No such file or directory
[Method: GET, Route: home]
in SYSTEMPATH/Database/BaseConnection.php on line 467.
 1 SYSTEMPATH/Database/BaseConnection.php(620): CodeIgniter\Database\BaseConnection->initialize()
 2 SYSTEMPATH/Database/BaseBuilder.php(1678): CodeIgniter\Database\BaseConnection->query()
 3 SYSTEMPATH/Model.php(928): CodeIgniter\Database\BaseBuilder->countAll()
 4 APPPATH/Controllers/UserController.php(35): CodeIgniter\Model->__call()
 5 SYSTEMPATH/CodeIgniter.php(933): App\Controllers\UserController->home()
 6 SYSTEMPATH/CodeIgniter.php(507): CodeIgniter\CodeIgniter->runController()
 7 SYSTEMPATH/CodeIgniter.php(354): CodeIgniter\CodeIgniter->handleRequest()
 8 SYSTEMPATH/Boot.php(334): CodeIgniter\CodeIgniter->run()
 9 SYSTEMPATH/Boot.php(67): CodeIgniter\Boot::runCodeIgniter()
10 FCPATH/index.php(56): CodeIgniter\Boot::bootWeb()
11 SYSTEMPATH/rewrite.php(44): require_once('/home/manjaka/Documents/hackaton/Prepa-hackaton/public/index.php')
ERROR - 2025-03-31 15:12:55 --> Error connecting to the database: mysqli_sql_exception: Connection refused in /home/manjaka/Documents/hackaton/Prepa-hackaton/system/Database/MySQLi/Connection.php:201
Stack trace:
#0 /home/manjaka/Documents/hackaton/Prepa-hackaton/system/Database/MySQLi/Connection.php(201): mysqli->real_connect()
#1 /home/manjaka/Documents/hackaton/Prepa-hackaton/system/Database/BaseConnection.php(421): CodeIgniter\Database\MySQLi\Connection->connect()
#2 /home/manjaka/Documents/hackaton/Prepa-hackaton/system/Database/BaseConnection.php(620): CodeIgniter\Database\BaseConnection->initialize()
#3 /home/manjaka/Documents/hackaton/Prepa-hackaton/system/Database/BaseBuilder.php(1649): CodeIgniter\Database\BaseConnection->query()
#4 /home/manjaka/Documents/hackaton/Prepa-hackaton/app/Models/UserModel.php(80): CodeIgniter\Database\BaseBuilder->get()
#5 /home/manjaka/Documents/hackaton/Prepa-hackaton/app/Controllers/UserController.php(25): App\Models\UserModel->validLogin()
#6 /home/manjaka/Documents/hackaton/Prepa-hackaton/system/CodeIgniter.php(933): App\Controllers\UserController->validate_login()
#7 /home/manjaka/Documents/hackaton/Prepa-hackaton/system/CodeIgniter.php(507): CodeIgniter\CodeIgniter->runController()
#8 /home/manjaka/Documents/hackaton/Prepa-hackaton/system/CodeIgniter.php(354): CodeIgniter\CodeIgniter->handleRequest()
#9 /home/manjaka/Documents/hackaton/Prepa-hackaton/system/Boot.php(334): CodeIgniter\CodeIgniter->run()
#10 /home/manjaka/Documents/hackaton/Prepa-hackaton/system/Boot.php(67): CodeIgniter\Boot::runCodeIgniter()
#11 /home/manjaka/Documents/hackaton/Prepa-hackaton/public/index.php(56): CodeIgniter\Boot::bootWeb()
#12 /home/manjaka/Documents/hackaton/Prepa-hackaton/system/rewrite.php(44): require_once('...')
#13 {main}

Next CodeIgniter\Database\Exceptions\DatabaseException: Connection refused in /home/manjaka/Documents/hackaton/Prepa-hackaton/system/Database/MySQLi/Connection.php:246
Stack trace:
#0 /home/manjaka/Documents/hackaton/Prepa-hackaton/system/Database/BaseConnection.php(421): CodeIgniter\Database\MySQLi\Connection->connect()
#1 /home/manjaka/Documents/hackaton/Prepa-hackaton/system/Database/BaseConnection.php(620): CodeIgniter\Database\BaseConnection->initialize()
#2 /home/manjaka/Documents/hackaton/Prepa-hackaton/system/Database/BaseBuilder.php(1649): CodeIgniter\Database\BaseConnection->query()
#3 /home/manjaka/Documents/hackaton/Prepa-hackaton/app/Models/UserModel.php(80): CodeIgniter\Database\BaseBuilder->get()
#4 /home/manjaka/Documents/hackaton/Prepa-hackaton/app/Controllers/UserController.php(25): App\Models\UserModel->validLogin()
#5 /home/manjaka/Documents/hackaton/Prepa-hackaton/system/CodeIgniter.php(933): App\Controllers\UserController->validate_login()
#6 /home/manjaka/Documents/hackaton/Prepa-hackaton/system/CodeIgniter.php(507): CodeIgniter\CodeIgniter->runController()
#7 /home/manjaka/Documents/hackaton/Prepa-hackaton/system/CodeIgniter.php(354): CodeIgniter\CodeIgniter->handleRequest()
#8 /home/manjaka/Documents/hackaton/Prepa-hackaton/system/Boot.php(334): CodeIgniter\CodeIgniter->run()
#9 /home/manjaka/Documents/hackaton/Prepa-hackaton/system/Boot.php(67): CodeIgniter\Boot::runCodeIgniter()
#10 /home/manjaka/Documents/hackaton/Prepa-hackaton/public/index.php(56): CodeIgniter\Boot::bootWeb()
#11 /home/manjaka/Documents/hackaton/Prepa-hackaton/system/rewrite.php(44): require_once('...')
#12 {main}
CRITICAL - 2025-03-31 15:12:55 --> CodeIgniter\Database\Exceptions\DatabaseException: Unable to connect to the database.
Main connection [MySQLi]: Connection refused
[Method: POST, Route: validate_login]
in SYSTEMPATH/Database/BaseConnection.php on line 467.
 1 SYSTEMPATH/Database/BaseConnection.php(620): CodeIgniter\Database\BaseConnection->initialize()
 2 SYSTEMPATH/Database/BaseBuilder.php(1649): CodeIgniter\Database\BaseConnection->query()
 3 APPPATH/Models/UserModel.php(80): CodeIgniter\Database\BaseBuilder->get()
 4 APPPATH/Controllers/UserController.php(25): App\Models\UserModel->validLogin()
 5 SYSTEMPATH/CodeIgniter.php(933): App\Controllers\UserController->validate_login()
 6 SYSTEMPATH/CodeIgniter.php(507): CodeIgniter\CodeIgniter->runController()
 7 SYSTEMPATH/CodeIgniter.php(354): CodeIgniter\CodeIgniter->handleRequest()
 8 SYSTEMPATH/Boot.php(334): CodeIgniter\CodeIgniter->run()
 9 SYSTEMPATH/Boot.php(67): CodeIgniter\Boot::runCodeIgniter()
10 FCPATH/index.php(56): CodeIgniter\Boot::bootWeb()
11 SYSTEMPATH/rewrite.php(44): require_once('/home/manjaka/Documents/hackaton/Prepa-hackaton/public/index.php')
ERROR - 2025-03-31 15:16:00 --> Error connecting to the database: mysqli_sql_exception: Connection refused in /home/manjaka/Documents/hackaton/Prepa-hackaton/system/Database/MySQLi/Connection.php:201
Stack trace:
#0 /home/manjaka/Documents/hackaton/Prepa-hackaton/system/Database/MySQLi/Connection.php(201): mysqli->real_connect()
#1 /home/manjaka/Documents/hackaton/Prepa-hackaton/system/Database/BaseConnection.php(421): CodeIgniter\Database\MySQLi\Connection->connect()
#2 /home/manjaka/Documents/hackaton/Prepa-hackaton/system/Database/BaseConnection.php(620): CodeIgniter\Database\BaseConnection->initialize()
#3 /home/manjaka/Documents/hackaton/Prepa-hackaton/system/Database/BaseBuilder.php(1649): CodeIgniter\Database\BaseConnection->query()
#4 /home/manjaka/Documents/hackaton/Prepa-hackaton/app/Models/UserModel.php(80): CodeIgniter\Database\BaseBuilder->get()
#5 /home/manjaka/Documents/hackaton/Prepa-hackaton/app/Controllers/UserController.php(25): App\Models\UserModel->validLogin()
#6 /home/manjaka/Documents/hackaton/Prepa-hackaton/system/CodeIgniter.php(933): App\Controllers\UserController->validate_login()
#7 /home/manjaka/Documents/hackaton/Prepa-hackaton/system/CodeIgniter.php(507): CodeIgniter\CodeIgniter->runController()
#8 /home/manjaka/Documents/hackaton/Prepa-hackaton/system/CodeIgniter.php(354): CodeIgniter\CodeIgniter->handleRequest()
#9 /home/manjaka/Documents/hackaton/Prepa-hackaton/system/Boot.php(334): CodeIgniter\CodeIgniter->run()
#10 /home/manjaka/Documents/hackaton/Prepa-hackaton/system/Boot.php(67): CodeIgniter\Boot::runCodeIgniter()
#11 /home/manjaka/Documents/hackaton/Prepa-hackaton/public/index.php(56): CodeIgniter\Boot::bootWeb()
#12 /home/manjaka/Documents/hackaton/Prepa-hackaton/system/rewrite.php(44): require_once('...')
#13 {main}

Next CodeIgniter\Database\Exceptions\DatabaseException: Connection refused in /home/manjaka/Documents/hackaton/Prepa-hackaton/system/Database/MySQLi/Connection.php:246
Stack trace:
#0 /home/manjaka/Documents/hackaton/Prepa-hackaton/system/Database/BaseConnection.php(421): CodeIgniter\Database\MySQLi\Connection->connect()
#1 /home/manjaka/Documents/hackaton/Prepa-hackaton/system/Database/BaseConnection.php(620): CodeIgniter\Database\BaseConnection->initialize()
#2 /home/manjaka/Documents/hackaton/Prepa-hackaton/system/Database/BaseBuilder.php(1649): CodeIgniter\Database\BaseConnection->query()
#3 /home/manjaka/Documents/hackaton/Prepa-hackaton/app/Models/UserModel.php(80): CodeIgniter\Database\BaseBuilder->get()
#4 /home/manjaka/Documents/hackaton/Prepa-hackaton/app/Controllers/UserController.php(25): App\Models\UserModel->validLogin()
#5 /home/manjaka/Documents/hackaton/Prepa-hackaton/system/CodeIgniter.php(933): App\Controllers\UserController->validate_login()
#6 /home/manjaka/Documents/hackaton/Prepa-hackaton/system/CodeIgniter.php(507): CodeIgniter\CodeIgniter->runController()
#7 /home/manjaka/Documents/hackaton/Prepa-hackaton/system/CodeIgniter.php(354): CodeIgniter\CodeIgniter->handleRequest()
#8 /home/manjaka/Documents/hackaton/Prepa-hackaton/system/Boot.php(334): CodeIgniter\CodeIgniter->run()
#9 /home/manjaka/Documents/hackaton/Prepa-hackaton/system/Boot.php(67): CodeIgniter\Boot::runCodeIgniter()
#10 /home/manjaka/Documents/hackaton/Prepa-hackaton/public/index.php(56): CodeIgniter\Boot::bootWeb()
#11 /home/manjaka/Documents/hackaton/Prepa-hackaton/system/rewrite.php(44): require_once('...')
#12 {main}
CRITICAL - 2025-03-31 15:16:00 --> CodeIgniter\Database\Exceptions\DatabaseException: Unable to connect to the database.
Main connection [MySQLi]: Connection refused
[Method: POST, Route: validate_login]
in SYSTEMPATH/Database/BaseConnection.php on line 467.
 1 SYSTEMPATH/Database/BaseConnection.php(620): CodeIgniter\Database\BaseConnection->initialize()
 2 SYSTEMPATH/Database/BaseBuilder.php(1649): CodeIgniter\Database\BaseConnection->query()
 3 APPPATH/Models/UserModel.php(80): CodeIgniter\Database\BaseBuilder->get()
 4 APPPATH/Controllers/UserController.php(25): App\Models\UserModel->validLogin()
 5 SYSTEMPATH/CodeIgniter.php(933): App\Controllers\UserController->validate_login()
 6 SYSTEMPATH/CodeIgniter.php(507): CodeIgniter\CodeIgniter->runController()
 7 SYSTEMPATH/CodeIgniter.php(354): CodeIgniter\CodeIgniter->handleRequest()
 8 SYSTEMPATH/Boot.php(334): CodeIgniter\CodeIgniter->run()
 9 SYSTEMPATH/Boot.php(67): CodeIgniter\Boot::runCodeIgniter()
10 FCPATH/index.php(56): CodeIgniter\Boot::bootWeb()
11 SYSTEMPATH/rewrite.php(44): require_once('/home/manjaka/Documents/hackaton/Prepa-hackaton/public/index.php')
ERROR - 2025-03-31 17:36:05 --> mysqli_sql_exception: Cannot add or update a child row: a foreign key constraint fails (`icollab`.`Publication`, CONSTRAINT `Publication_id_user_foreign` FOREIGN KEY (`id_user`) REFERENCES `user` (`user_id`) ON DELETE CASCADE ON UPDATE CASCADE) in /home/manjaka/Documents/hackaton/Prepa-hackaton/system/Database/MySQLi/Connection.php:327
Stack trace:
#0 /home/manjaka/Documents/hackaton/Prepa-hackaton/system/Database/MySQLi/Connection.php(327): mysqli->query()
#1 /home/manjaka/Documents/hackaton/Prepa-hackaton/system/Database/BaseConnection.php(738): CodeIgniter\Database\MySQLi\Connection->execute()
#2 /home/manjaka/Documents/hackaton/Prepa-hackaton/system/Database/BaseConnection.php(652): CodeIgniter\Database\BaseConnection->simpleQuery()
#3 /home/manjaka/Documents/hackaton/Prepa-hackaton/system/Database/BaseBuilder.php(2345): CodeIgniter\Database\BaseConnection->query()
#4 /home/manjaka/Documents/hackaton/Prepa-hackaton/system/Model.php(394): CodeIgniter\Database\BaseBuilder->insert()
#5 /home/manjaka/Documents/hackaton/Prepa-hackaton/system/BaseModel.php(839): CodeIgniter\Model->doInsert()
#6 /home/manjaka/Documents/hackaton/Prepa-hackaton/system/Model.php(800): CodeIgniter\BaseModel->insert()
#7 /home/manjaka/Documents/hackaton/Prepa-hackaton/app/Controllers/PublicationController.php(160): CodeIgniter\Model->insert()
#8 /home/manjaka/Documents/hackaton/Prepa-hackaton/system/CodeIgniter.php(933): App\Controllers\PublicationController->storePublication()
#9 /home/manjaka/Documents/hackaton/Prepa-hackaton/system/CodeIgniter.php(507): CodeIgniter\CodeIgniter->runController()
#10 /home/manjaka/Documents/hackaton/Prepa-hackaton/system/CodeIgniter.php(354): CodeIgniter\CodeIgniter->handleRequest()
#11 /home/manjaka/Documents/hackaton/Prepa-hackaton/system/Boot.php(334): CodeIgniter\CodeIgniter->run()
#12 /home/manjaka/Documents/hackaton/Prepa-hackaton/system/Boot.php(67): CodeIgniter\Boot::runCodeIgniter()
#13 /home/manjaka/Documents/hackaton/Prepa-hackaton/public/index.php(56): CodeIgniter\Boot::bootWeb()
#14 /home/manjaka/Documents/hackaton/Prepa-hackaton/system/rewrite.php(44): require_once('...')
#15 {main}
CRITICAL - 2025-03-31 17:36:05 --> CodeIgniter\Database\Exceptions\DatabaseException: Cannot add or update a child row: a foreign key constraint fails (`icollab`.`Publication`, CONSTRAINT `Publication_id_user_foreign` FOREIGN KEY (`id_user`) REFERENCES `user` (`user_id`) ON DELETE CASCADE ON UPDATE CASCADE)
[Method: POST, Route: storePublication]
in SYSTEMPATH/Database/BaseConnection.php on line 692.
 1 SYSTEMPATH/Database/BaseBuilder.php(2345): CodeIgniter\Database\BaseConnection->query()
 2 SYSTEMPATH/Model.php(394): CodeIgniter\Database\BaseBuilder->insert()
 3 SYSTEMPATH/BaseModel.php(839): CodeIgniter\Model->doInsert()
 4 SYSTEMPATH/Model.php(800): CodeIgniter\BaseModel->insert()
 5 APPPATH/Controllers/PublicationController.php(160): CodeIgniter\Model->insert()
 6 SYSTEMPATH/CodeIgniter.php(933): App\Controllers\PublicationController->storePublication()
 7 SYSTEMPATH/CodeIgniter.php(507): CodeIgniter\CodeIgniter->runController()
 8 SYSTEMPATH/CodeIgniter.php(354): CodeIgniter\CodeIgniter->handleRequest()
 9 SYSTEMPATH/Boot.php(334): CodeIgniter\CodeIgniter->run()
10 SYSTEMPATH/Boot.php(67): CodeIgniter\Boot::runCodeIgniter()
11 FCPATH/index.php(56): CodeIgniter\Boot::bootWeb()
12 SYSTEMPATH/rewrite.php(44): require_once('/home/manjaka/Documents/hackaton/Prepa-hackaton/public/index.php')
CRITICAL - 2025-03-31 17:36:05 --> [Caused by] CodeIgniter\Database\Exceptions\DatabaseException: Cannot add or update a child row: a foreign key constraint fails (`icollab`.`Publication`, CONSTRAINT `Publication_id_user_foreign` FOREIGN KEY (`id_user`) REFERENCES `user` (`user_id`) ON DELETE CASCADE ON UPDATE CASCADE)
in SYSTEMPATH/Database/MySQLi/Connection.php on line 332.
 1 SYSTEMPATH/Database/BaseConnection.php(738): CodeIgniter\Database\MySQLi\Connection->execute()
 2 SYSTEMPATH/Database/BaseConnection.php(652): CodeIgniter\Database\BaseConnection->simpleQuery()
 3 SYSTEMPATH/Database/BaseBuilder.php(2345): CodeIgniter\Database\BaseConnection->query()
 4 SYSTEMPATH/Model.php(394): CodeIgniter\Database\BaseBuilder->insert()
 5 SYSTEMPATH/BaseModel.php(839): CodeIgniter\Model->doInsert()
 6 SYSTEMPATH/Model.php(800): CodeIgniter\BaseModel->insert()
 7 APPPATH/Controllers/PublicationController.php(160): CodeIgniter\Model->insert()
 8 SYSTEMPATH/CodeIgniter.php(933): App\Controllers\PublicationController->storePublication()
 9 SYSTEMPATH/CodeIgniter.php(507): CodeIgniter\CodeIgniter->runController()
10 SYSTEMPATH/CodeIgniter.php(354): CodeIgniter\CodeIgniter->handleRequest()
11 SYSTEMPATH/Boot.php(334): CodeIgniter\CodeIgniter->run()
12 SYSTEMPATH/Boot.php(67): CodeIgniter\Boot::runCodeIgniter()
13 FCPATH/index.php(56): CodeIgniter\Boot::bootWeb()
14 SYSTEMPATH/rewrite.php(44): require_once('/home/manjaka/Documents/hackaton/Prepa-hackaton/public/index.php')
CRITICAL - 2025-03-31 17:36:05 --> [Caused by] mysqli_sql_exception: Cannot add or update a child row: a foreign key constraint fails (`icollab`.`Publication`, CONSTRAINT `Publication_id_user_foreign` FOREIGN KEY (`id_user`) REFERENCES `user` (`user_id`) ON DELETE CASCADE ON UPDATE CASCADE)
in SYSTEMPATH/Database/MySQLi/Connection.php on line 327.
 1 SYSTEMPATH/Database/MySQLi/Connection.php(327): mysqli->query()
 2 SYSTEMPATH/Database/BaseConnection.php(738): CodeIgniter\Database\MySQLi\Connection->execute()
 3 SYSTEMPATH/Database/BaseConnection.php(652): CodeIgniter\Database\BaseConnection->simpleQuery()
 4 SYSTEMPATH/Database/BaseBuilder.php(2345): CodeIgniter\Database\BaseConnection->query()
 5 SYSTEMPATH/Model.php(394): CodeIgniter\Database\BaseBuilder->insert()
 6 SYSTEMPATH/BaseModel.php(839): CodeIgniter\Model->doInsert()
 7 SYSTEMPATH/Model.php(800): CodeIgniter\BaseModel->insert()
 8 APPPATH/Controllers/PublicationController.php(160): CodeIgniter\Model->insert()
 9 SYSTEMPATH/CodeIgniter.php(933): App\Controllers\PublicationController->storePublication()
10 SYSTEMPATH/CodeIgniter.php(507): CodeIgniter\CodeIgniter->runController()
11 SYSTEMPATH/CodeIgniter.php(354): CodeIgniter\CodeIgniter->handleRequest()
12 SYSTEMPATH/Boot.php(334): CodeIgniter\CodeIgniter->run()
13 SYSTEMPATH/Boot.php(67): CodeIgniter\Boot::runCodeIgniter()
14 FCPATH/index.php(56): CodeIgniter\Boot::bootWeb()
15 SYSTEMPATH/rewrite.php(44): require_once('/home/manjaka/Documents/hackaton/Prepa-hackaton/public/index.php')
ERROR - 2025-03-31 17:36:53 --> mysqli_sql_exception: Cannot add or update a child row: a foreign key constraint fails (`icollab`.`Publication`, CONSTRAINT `Publication_id_user_foreign` FOREIGN KEY (`id_user`) REFERENCES `user` (`user_id`) ON DELETE CASCADE ON UPDATE CASCADE) in /home/manjaka/Documents/hackaton/Prepa-hackaton/system/Database/MySQLi/Connection.php:327
Stack trace:
#0 /home/manjaka/Documents/hackaton/Prepa-hackaton/system/Database/MySQLi/Connection.php(327): mysqli->query()
#1 /home/manjaka/Documents/hackaton/Prepa-hackaton/system/Database/BaseConnection.php(738): CodeIgniter\Database\MySQLi\Connection->execute()
#2 /home/manjaka/Documents/hackaton/Prepa-hackaton/system/Database/BaseConnection.php(652): CodeIgniter\Database\BaseConnection->simpleQuery()
#3 /home/manjaka/Documents/hackaton/Prepa-hackaton/system/Database/BaseBuilder.php(2345): CodeIgniter\Database\BaseConnection->query()
#4 /home/manjaka/Documents/hackaton/Prepa-hackaton/system/Model.php(394): CodeIgniter\Database\BaseBuilder->insert()
#5 /home/manjaka/Documents/hackaton/Prepa-hackaton/system/BaseModel.php(839): CodeIgniter\Model->doInsert()
#6 /home/manjaka/Documents/hackaton/Prepa-hackaton/system/Model.php(800): CodeIgniter\BaseModel->insert()
#7 /home/manjaka/Documents/hackaton/Prepa-hackaton/app/Controllers/PublicationController.php(160): CodeIgniter\Model->insert()
#8 /home/manjaka/Documents/hackaton/Prepa-hackaton/system/CodeIgniter.php(933): App\Controllers\PublicationController->storePublication()
#9 /home/manjaka/Documents/hackaton/Prepa-hackaton/system/CodeIgniter.php(507): CodeIgniter\CodeIgniter->runController()
#10 /home/manjaka/Documents/hackaton/Prepa-hackaton/system/CodeIgniter.php(354): CodeIgniter\CodeIgniter->handleRequest()
#11 /home/manjaka/Documents/hackaton/Prepa-hackaton/system/Boot.php(334): CodeIgniter\CodeIgniter->run()
#12 /home/manjaka/Documents/hackaton/Prepa-hackaton/system/Boot.php(67): CodeIgniter\Boot::runCodeIgniter()
#13 /home/manjaka/Documents/hackaton/Prepa-hackaton/public/index.php(56): CodeIgniter\Boot::bootWeb()
#14 /home/manjaka/Documents/hackaton/Prepa-hackaton/system/rewrite.php(44): require_once('...')
#15 {main}
CRITICAL - 2025-03-31 17:36:53 --> CodeIgniter\Database\Exceptions\DatabaseException: Cannot add or update a child row: a foreign key constraint fails (`icollab`.`Publication`, CONSTRAINT `Publication_id_user_foreign` FOREIGN KEY (`id_user`) REFERENCES `user` (`user_id`) ON DELETE CASCADE ON UPDATE CASCADE)
[Method: POST, Route: storePublication]
in SYSTEMPATH/Database/BaseConnection.php on line 692.
 1 SYSTEMPATH/Database/BaseBuilder.php(2345): CodeIgniter\Database\BaseConnection->query()
 2 SYSTEMPATH/Model.php(394): CodeIgniter\Database\BaseBuilder->insert()
 3 SYSTEMPATH/BaseModel.php(839): CodeIgniter\Model->doInsert()
 4 SYSTEMPATH/Model.php(800): CodeIgniter\BaseModel->insert()
 5 APPPATH/Controllers/PublicationController.php(160): CodeIgniter\Model->insert()
 6 SYSTEMPATH/CodeIgniter.php(933): App\Controllers\PublicationController->storePublication()
 7 SYSTEMPATH/CodeIgniter.php(507): CodeIgniter\CodeIgniter->runController()
 8 SYSTEMPATH/CodeIgniter.php(354): CodeIgniter\CodeIgniter->handleRequest()
 9 SYSTEMPATH/Boot.php(334): CodeIgniter\CodeIgniter->run()
10 SYSTEMPATH/Boot.php(67): CodeIgniter\Boot::runCodeIgniter()
11 FCPATH/index.php(56): CodeIgniter\Boot::bootWeb()
12 SYSTEMPATH/rewrite.php(44): require_once('/home/manjaka/Documents/hackaton/Prepa-hackaton/public/index.php')
CRITICAL - 2025-03-31 17:36:53 --> [Caused by] CodeIgniter\Database\Exceptions\DatabaseException: Cannot add or update a child row: a foreign key constraint fails (`icollab`.`Publication`, CONSTRAINT `Publication_id_user_foreign` FOREIGN KEY (`id_user`) REFERENCES `user` (`user_id`) ON DELETE CASCADE ON UPDATE CASCADE)
in SYSTEMPATH/Database/MySQLi/Connection.php on line 332.
 1 SYSTEMPATH/Database/BaseConnection.php(738): CodeIgniter\Database\MySQLi\Connection->execute()
 2 SYSTEMPATH/Database/BaseConnection.php(652): CodeIgniter\Database\BaseConnection->simpleQuery()
 3 SYSTEMPATH/Database/BaseBuilder.php(2345): CodeIgniter\Database\BaseConnection->query()
 4 SYSTEMPATH/Model.php(394): CodeIgniter\Database\BaseBuilder->insert()
 5 SYSTEMPATH/BaseModel.php(839): CodeIgniter\Model->doInsert()
 6 SYSTEMPATH/Model.php(800): CodeIgniter\BaseModel->insert()
 7 APPPATH/Controllers/PublicationController.php(160): CodeIgniter\Model->insert()
 8 SYSTEMPATH/CodeIgniter.php(933): App\Controllers\PublicationController->storePublication()
 9 SYSTEMPATH/CodeIgniter.php(507): CodeIgniter\CodeIgniter->runController()
10 SYSTEMPATH/CodeIgniter.php(354): CodeIgniter\CodeIgniter->handleRequest()
11 SYSTEMPATH/Boot.php(334): CodeIgniter\CodeIgniter->run()
12 SYSTEMPATH/Boot.php(67): CodeIgniter\Boot::runCodeIgniter()
13 FCPATH/index.php(56): CodeIgniter\Boot::bootWeb()
14 SYSTEMPATH/rewrite.php(44): require_once('/home/manjaka/Documents/hackaton/Prepa-hackaton/public/index.php')
CRITICAL - 2025-03-31 17:36:53 --> [Caused by] mysqli_sql_exception: Cannot add or update a child row: a foreign key constraint fails (`icollab`.`Publication`, CONSTRAINT `Publication_id_user_foreign` FOREIGN KEY (`id_user`) REFERENCES `user` (`user_id`) ON DELETE CASCADE ON UPDATE CASCADE)
in SYSTEMPATH/Database/MySQLi/Connection.php on line 327.
 1 SYSTEMPATH/Database/MySQLi/Connection.php(327): mysqli->query()
 2 SYSTEMPATH/Database/BaseConnection.php(738): CodeIgniter\Database\MySQLi\Connection->execute()
 3 SYSTEMPATH/Database/BaseConnection.php(652): CodeIgniter\Database\BaseConnection->simpleQuery()
 4 SYSTEMPATH/Database/BaseBuilder.php(2345): CodeIgniter\Database\BaseConnection->query()
 5 SYSTEMPATH/Model.php(394): CodeIgniter\Database\BaseBuilder->insert()
 6 SYSTEMPATH/BaseModel.php(839): CodeIgniter\Model->doInsert()
 7 SYSTEMPATH/Model.php(800): CodeIgniter\BaseModel->insert()
 8 APPPATH/Controllers/PublicationController.php(160): CodeIgniter\Model->insert()
 9 SYSTEMPATH/CodeIgniter.php(933): App\Controllers\PublicationController->storePublication()
10 SYSTEMPATH/CodeIgniter.php(507): CodeIgniter\CodeIgniter->runController()
11 SYSTEMPATH/CodeIgniter.php(354): CodeIgniter\CodeIgniter->handleRequest()
12 SYSTEMPATH/Boot.php(334): CodeIgniter\CodeIgniter->run()
13 SYSTEMPATH/Boot.php(67): CodeIgniter\Boot::runCodeIgniter()
14 FCPATH/index.php(56): CodeIgniter\Boot::bootWeb()
15 SYSTEMPATH/rewrite.php(44): require_once('/home/manjaka/Documents/hackaton/Prepa-hackaton/public/index.php')
